<?xml version="1.0" encoding="UTF-8"?>
<testsuites>
  <testsuite name="CodeIgniter Application Test Suite" tests="1" assertions="0" errors="1" failures="0" skipped="0" time="0.024492">
    <testsuite name="Welcome_test" file="/home/vagrant/swift/application/tests/controllers/Welcome_test.php" tests="1" assertions="0" errors="1" failures="0" skipped="0" time="0.024492">
      <testcase name="test_index" class="Welcome_test" classname="Welcome_test" file="/home/vagrant/swift/application/tests/controllers/Welcome_test.php" line="13" assertions="0" time="0.024492">
        <error type="ParseError">Welcome_test::test_index
ParseError: syntax error, unexpected '$data' (T_VARIABLE)

/home/vagrant/swift/application/controllers/Welcome.php:32
/home/vagrant/swift/application/tests/_ci_phpunit_test/CIPHPUnitTestRequest.php:267
/home/vagrant/swift/application/tests/_ci_phpunit_test/CIPHPUnitTestRequest.php:151
/home/vagrant/swift/application/tests/_ci_phpunit_test/CIPHPUnitTestCase.php:183
/home/vagrant/swift/application/tests/controllers/Welcome_test.php:15
</error>
      </testcase>
    </testsuite>
  </testsuite>
</testsuites>
